This is pdfTeX, Version 3.14159265-2.6-1.40.20 (MiKTeX 2.9.7050 64-bit) (preloaded format=pdflatex 2019.6.20)  20 JUN 2019 14:48
entering extended mode
**./_build/latex/pypogs.tex
(_build/latex/pypogs.tex
LaTeX2e <2018-12-01>

! LaTeX Error: File `sphinxmanual.cls' not found.

Type X to quit or <RETURN> to proceed,
or enter new name. (Default extension: cls)

Enter file name: 
! Emergency stop.
<read *> 
         
l.4 \ifdefined
              \pdfpxdimen
End of file on the terminal!

 
Here is how much of TeX's memory you used:
 14 strings out of 492895
 371 string characters out of 3118129
 57416 words of memory out of 3000000
 4027 multiletter control sequences out of 15000+200000
 3640 words of font info for 14 fonts, out of 3000000 for 9000
 1141 hyphenation exceptions out of 8191
 10i,0n,8p,83b,8s stack positions out of 5000i,500n,10000p,200000b,50000s
!  ==> Fatal error occurred, no output PDF file produced!
